<!DOCTYPE html PUBLIC "-//W3C//DTD XHTML 1.1//EN" "https://www.w3.org/TR/xhtml11/DTD/xhtml11.dtd">
<html xmlns="https://www.w3.org/1999/xhtml">
<head>
<meta http-equiv="content-type" content="text/html; charset=UTF-8"/>
<title>TestNG Report</title>
<style type="text/css">table {margin-bottom:10px;border-collapse:collapse;empty-cells:show}th,td {border:1px solid #009;padding:.25em .5em}th {vertical-align:bottom}td {vertical-align:top}table a {font-weight:bold}.stripe td {background-color: #E6EBF9}.num {text-align:right}.passedodd td {background-color: #3F3}.passedeven td {background-color: #0A0}.skippedodd td {background-color: #DDD}.skippedeven td {background-color: #CCC}.failedodd td,.attn {background-color: #F33}.failedeven td,.stripe .attn {background-color: #D00}.stacktrace {white-space:pre;font-family:monospace}.totop {font-size:85%;text-align:center;border-bottom:2px solid #000}.invisible {display:none}</style>
</head>
<body>
<table>
<tr><th>Test</th><th># Passed</th><th># Skipped</th><th># Retried</th><th># Failed</th><th>Time (ms)</th><th>Included Groups</th><th>Excluded Groups</th></tr>
<tr><th colspan="8">RegressionTest</th></tr>
<tr><td><a href="#t0">ChromeTest123</a></td><td class="num">2</td><td class="num">0</td><td class="num">0</td><td class="num">0</td><td class="num">25,936</td><td></td><td></td></tr>
<tr class="stripe"><td><a href="#t1">FireBoxTest123</a></td><td class="num">2</td><td class="num">0</td><td class="num">0</td><td class="num">0</td><td class="num">35,733</td><td></td><td></td></tr>
<tr><td><a href="#t2">OpreaBrwoser</a></td><td class="num">2</td><td class="num">0</td><td class="num">0</td><td class="num">0</td><td class="num">32,106</td><td></td><td></td></tr>
<tr><th>Total</th><th class="num">6</th><th class="num">0</th><th class="num">0</th><th class="num">0</th><th class="num">93,775</th><th colspan="2"></th></tr>
</table>
<table id='summary'><thead><tr><th>Class</th><th>Method</th><th>Start</th><th>Time (ms)</th></tr></thead><tbody><tr><th colspan="4">RegressionTest</th></tr></tbody><tbody id="t0"><tr><th colspan="4">ChromeTest123 &#8212; failed (configuration methods)</th></tr><tr class="failedeven"><td rowspan="1">testpack.TestClassHelpcenterButton</td><td><a href="#m0">afterTest</a></td><td rowspan="1">1667670739682</td><td rowspan="1">48</td></tr><tr><th colspan="4">ChromeTest123 &#8212; skipped (configuration methods)</th></tr><tr class="skippedeven"><td rowspan="1">testpack.testclassReturntomessenge</td><td><a href="#m1">afterTest</a></td><td rowspan="1">1667670739757</td><td rowspan="1">-1667670739757</td></tr><tr><th colspan="4">ChromeTest123 &#8212; passed</th></tr><tr class="passedeven"><td rowspan="1">testpack.TestClassHelpcenterButton</td><td><a href="#m2">VerifyReturnMassenger</a></td><td rowspan="1">1667670727116</td><td rowspan="1">2291</td></tr><tr class="passedodd"><td rowspan="1">testpack.testclassReturntomessenge</td><td><a href="#m3">VerifyReturnMassenger</a></td><td rowspan="1">1667670736132</td><td rowspan="1">3123</td></tr></tbody>
<tbody id="t1"><tr><th colspan="4">FireBoxTest123 &#8212; failed (configuration methods)</th></tr><tr class="failedeven"><td rowspan="1">testpack.TestClassHelpcenterButton</td><td><a href="#m4">afterTest</a></td><td rowspan="1">1667670775621</td><td rowspan="1">5</td></tr><tr><th colspan="4">FireBoxTest123 &#8212; skipped (configuration methods)</th></tr><tr class="skippedeven"><td rowspan="1">testpack.testclassReturntomessenge</td><td><a href="#m5">afterTest</a></td><td rowspan="1">1667670775635</td><td rowspan="1">-1667670775635</td></tr><tr><th colspan="4">FireBoxTest123 &#8212; passed</th></tr><tr class="passedeven"><td rowspan="1">testpack.TestClassHelpcenterButton</td><td><a href="#m6">VerifyReturnMassenger</a></td><td rowspan="1">1667670760211</td><td rowspan="1">2926</td></tr><tr class="passedodd"><td rowspan="1">testpack.testclassReturntomessenge</td><td><a href="#m7">VerifyReturnMassenger</a></td><td rowspan="1">1667670772120</td><td rowspan="1">1248</td></tr></tbody>
<tbody id="t2"><tr><th colspan="4">OpreaBrwoser &#8212; failed (configuration methods)</th></tr><tr class="failedeven"><td rowspan="1">testpack.TestClassHelpcenterButton</td><td><a href="#m8">afterTest</a></td><td rowspan="1">1667670807714</td><td rowspan="1">23</td></tr><tr><th colspan="4">OpreaBrwoser &#8212; skipped (configuration methods)</th></tr><tr class="skippedeven"><td rowspan="1">testpack.testclassReturntomessenge</td><td><a href="#m9">afterTest</a></td><td rowspan="1">1667670807768</td><td rowspan="1">-1667670807768</td></tr><tr><th colspan="4">OpreaBrwoser &#8212; passed</th></tr><tr class="passedeven"><td rowspan="1">testpack.TestClassHelpcenterButton</td><td><a href="#m10">VerifyReturnMassenger</a></td><td rowspan="1">1667670791456</td><td rowspan="1">3505</td></tr><tr class="passedodd"><td rowspan="1">testpack.testclassReturntomessenge</td><td><a href="#m11">VerifyReturnMassenger</a></td><td rowspan="1">1667670804049</td><td rowspan="1">2520</td></tr></tbody>
</table>
<h2>ChromeTest123</h2><h3 id="m0">testpack.TestClassHelpcenterButton#afterTest</h3><table class="result"><tr><th>Exception</th></tr><tr><td><div class="stacktrace">org.openqa.selenium.NoSuchSessionException: invalid session id
Build info: version: &apos;3.141.59&apos;, revision: &apos;e82be7d358&apos;, time: &apos;2018-11-14T08:17:03&apos;
System info: host: &apos;DESKTOP-UE4SG0D&apos;, ip: &apos;192.168.1.13&apos;, os.name: &apos;Windows 10&apos;, os.arch: &apos;amd64&apos;, os.version: &apos;10.0&apos;, java.version: &apos;18.0.1.1&apos;
Driver info: org.openqa.selenium.chrome.ChromeDriver
Capabilities {acceptInsecureCerts: false, browserName: chrome, browserVersion: 107.0.5304.88, chrome: {chromedriverVersion: 107.0.5304.62 (1eec40d3a576..., userDataDir: C:\Users\Bhavesh\AppData\Lo...}, goog:chromeOptions: {debuggerAddress: localhost:51128}, javascriptEnabled: true, networkConnectionEnabled: false, pageLoadStrategy: normal, platform: WINDOWS, platformName: WINDOWS, proxy: Proxy(), setWindowRect: true, strictFileInteractability: false, timeouts: {implicit: 0, pageLoad: 300000, script: 30000}, unhandledPromptBehavior: dismiss and notify, webauthn:extension:credBlob: true, webauthn:extension:largeBlob: true, webauthn:virtualAuthenticators: true}
Session ID: 9d0a330d565352a8c5778363385d6874
	at org.openqa.selenium.remote.http.W3CHttpResponseCodec.createException(W3CHttpResponseCodec.java:187)
	at org.openqa.selenium.remote.http.W3CHttpResponseCodec.decode(W3CHttpResponseCodec.java:122)
	at org.openqa.selenium.remote.http.W3CHttpResponseCodec.decode(W3CHttpResponseCodec.java:49)
	at org.openqa.selenium.remote.HttpCommandExecutor.execute(HttpCommandExecutor.java:158)
	at org.openqa.selenium.remote.service.DriverCommandExecutor.execute(DriverCommandExecutor.java:83)
	at org.openqa.selenium.remote.RemoteWebDriver.execute(RemoteWebDriver.java:552)
	at org.openqa.selenium.remote.RemoteWebDriver.execute(RemoteWebDriver.java:609)
	at org.openqa.selenium.remote.RemoteWebDriver.close(RemoteWebDriver.java:442)
	at testpack.TestClassHelpcenterButton.afterTest(TestClassHelpcenterButton.java:125)
... Removed 25 stack frames</div></td></tr></table><p class="totop"><a href="#summary">back to summary</a></p>
<h3 id="m1">testpack.testclassReturntomessenge#afterTest</h3><table class="result"><tr><th class="invisible"/></tr></table><p class="totop"><a href="#summary">back to summary</a></p>
<h3 id="m2">testpack.TestClassHelpcenterButton#VerifyReturnMassenger</h3><table class="result"><tr><th class="invisible"/></tr></table><p class="totop"><a href="#summary">back to summary</a></p>
<h3 id="m3">testpack.testclassReturntomessenge#VerifyReturnMassenger</h3><table class="result"><tr><th class="invisible"/></tr></table><p class="totop"><a href="#summary">back to summary</a></p>
<h2>FireBoxTest123</h2><h3 id="m4">testpack.TestClassHelpcenterButton#afterTest</h3><table class="result"><tr><th>Exception</th></tr><tr><td><div class="stacktrace">org.openqa.selenium.NoSuchSessionException: Tried to run command without establishing a connection
Build info: version: &apos;3.141.59&apos;, revision: &apos;e82be7d358&apos;, time: &apos;2018-11-14T08:17:03&apos;
System info: host: &apos;DESKTOP-UE4SG0D&apos;, ip: &apos;192.168.1.13&apos;, os.name: &apos;Windows 10&apos;, os.arch: &apos;amd64&apos;, os.version: &apos;10.0&apos;, java.version: &apos;18.0.1.1&apos;
Driver info: org.openqa.selenium.firefox.FirefoxDriver
Capabilities {acceptInsecureCerts: true, browserName: firefox, browserVersion: 106.0.5, javascriptEnabled: true, moz:accessibilityChecks: false, moz:buildID: 20221104133228, moz:geckodriverVersion: 0.32.0, moz:headless: false, moz:platformVersion: 10.0, moz:processID: 12840, moz:profile: C:\Users\Bhavesh\AppData\Lo..., moz:shutdownTimeout: 60000, moz:useNonSpecCompliantPointerOrigin: false, moz:webdriverClick: true, moz:windowless: false, pageLoadStrategy: normal, platform: WINDOWS, platformName: WINDOWS, proxy: Proxy(), setWindowRect: true, strictFileInteractability: false, timeouts: {implicit: 0, pageLoad: 300000, script: 30000}, unhandledPromptBehavior: dismiss and notify}
Session ID: b116bd03-a61b-41c3-93d3-9b339ec231f7
	at org.openqa.selenium.remote.http.W3CHttpResponseCodec.createException(W3CHttpResponseCodec.java:187)
	at org.openqa.selenium.remote.http.W3CHttpResponseCodec.decode(W3CHttpResponseCodec.java:122)
	at org.openqa.selenium.remote.http.W3CHttpResponseCodec.decode(W3CHttpResponseCodec.java:49)
	at org.openqa.selenium.remote.HttpCommandExecutor.execute(HttpCommandExecutor.java:158)
	at org.openqa.selenium.remote.service.DriverCommandExecutor.execute(DriverCommandExecutor.java:83)
	at org.openqa.selenium.remote.RemoteWebDriver.execute(RemoteWebDriver.java:552)
	at org.openqa.selenium.remote.RemoteWebDriver.execute(RemoteWebDriver.java:609)
	at org.openqa.selenium.remote.RemoteWebDriver.close(RemoteWebDriver.java:442)
	at testpack.TestClassHelpcenterButton.afterTest(TestClassHelpcenterButton.java:125)
... Removed 25 stack frames</div></td></tr></table><p class="totop"><a href="#summary">back to summary</a></p>
<h3 id="m5">testpack.testclassReturntomessenge#afterTest</h3><table class="result"><tr><th class="invisible"/></tr></table><p class="totop"><a href="#summary">back to summary</a></p>
<h3 id="m6">testpack.TestClassHelpcenterButton#VerifyReturnMassenger</h3><table class="result"><tr><th class="invisible"/></tr></table><p class="totop"><a href="#summary">back to summary</a></p>
<h3 id="m7">testpack.testclassReturntomessenge#VerifyReturnMassenger</h3><table class="result"><tr><th class="invisible"/></tr></table><p class="totop"><a href="#summary">back to summary</a></p>
<h2>OpreaBrwoser</h2><h3 id="m8">testpack.TestClassHelpcenterButton#afterTest</h3><table class="result"><tr><th>Exception</th></tr><tr><td><div class="stacktrace">org.openqa.selenium.NoSuchWindowException: no such window: target window already closed
from unknown error: web view not found
  (Session info: chrome=106.0.5249.168)
  (Driver info: operadriver=106.0.5249.119 (9f2101830b56fd2ea1408287f6c74e253ebcb7c6-refs/branch-heads/5249@{#797}),platform=Windows NT 10.0.19044 x86_64) (WARNING: The server did not provide any stacktrace information)
Command duration or timeout: 0 milliseconds
Build info: version: &apos;3.141.59&apos;, revision: &apos;e82be7d358&apos;, time: &apos;2018-11-14T08:17:03&apos;
System info: host: &apos;DESKTOP-UE4SG0D&apos;, ip: &apos;192.168.1.13&apos;, os.name: &apos;Windows 10&apos;, os.arch: &apos;amd64&apos;, os.version: &apos;10.0&apos;, java.version: &apos;18.0.1.1&apos;
Driver info: org.openqa.selenium.opera.OperaDriver
Capabilities {acceptInsecureCerts: false, acceptSslCerts: false, browserConnectionEnabled: false, browserName: opera, cssSelectorsEnabled: true, databaseEnabled: false, goog:chromeOptions: {debuggerAddress: localhost:51981}, handlesAlerts: true, hasTouchScreen: false, javascriptEnabled: true, locationContextEnabled: true, mobileEmulationEnabled: false, nativeEvents: true, networkConnectionEnabled: false, opera: {operadriverVersion: 106.0.5249.119 (9f2101830b5..., userDataDir: C:\Users\Bhavesh\AppData\Lo...}, pageLoadStrategy: normal, platform: WINDOWS, platformName: WINDOWS, proxy: Proxy(), rotatable: false, setWindowRect: true, strictFileInteractability: false, takesHeapSnapshot: true, takesScreenshot: true, timeouts: {implicit: 0, pageLoad: 300000, script: 30000}, unexpectedAlertBehaviour: ignore, unhandledPromptBehavior: ignore, version: 106.0.5249.168, webStorageEnabled: true, webauthn:extension:credBlob: true, webauthn:extension:largeBlob: true, webauthn:virtualAuthenticators: true}
Session ID: d3975e12b1bb52909b28a524b21673e0
	at org.openqa.selenium.remote.ErrorHandler.createThrowable(ErrorHandler.java:214)
	at org.openqa.selenium.remote.ErrorHandler.throwIfResponseFailed(ErrorHandler.java:166)
	at org.openqa.selenium.remote.http.JsonHttpResponseCodec.reconstructValue(JsonHttpResponseCodec.java:40)
	at org.openqa.selenium.remote.http.AbstractHttpResponseCodec.decode(AbstractHttpResponseCodec.java:80)
	at org.openqa.selenium.remote.http.AbstractHttpResponseCodec.decode(AbstractHttpResponseCodec.java:44)
	at org.openqa.selenium.remote.HttpCommandExecutor.execute(HttpCommandExecutor.java:158)
	at org.openqa.selenium.remote.service.DriverCommandExecutor.execute(DriverCommandExecutor.java:83)
	at org.openqa.selenium.remote.RemoteWebDriver.execute(RemoteWebDriver.java:552)
	at org.openqa.selenium.remote.RemoteWebDriver.execute(RemoteWebDriver.java:609)
	at org.openqa.selenium.remote.RemoteWebDriver.close(RemoteWebDriver.java:442)
	at testpack.TestClassHelpcenterButton.afterTest(TestClassHelpcenterButton.java:125)
... Removed 25 stack frames</div></td></tr></table><p class="totop"><a href="#summary">back to summary</a></p>
<h3 id="m9">testpack.testclassReturntomessenge#afterTest</h3><table class="result"><tr><th class="invisible"/></tr></table><p class="totop"><a href="#summary">back to summary</a></p>
<h3 id="m10">testpack.TestClassHelpcenterButton#VerifyReturnMassenger</h3><table class="result"><tr><th class="invisible"/></tr></table><p class="totop"><a href="#summary">back to summary</a></p>
<h3 id="m11">testpack.testclassReturntomessenge#VerifyReturnMassenger</h3><table class="result"><tr><th class="invisible"/></tr></table><p class="totop"><a href="#summary">back to summary</a></p>
</body>
</html>
