<?xml version="1.0" encoding="UTF-8"?>
<testng-results ignored="0" total="6" passed="6" failed="0" skipped="0">
  <reporter-output>
  </reporter-output>
  <suite started-at="2022-11-05T23:21:53 IST" name="RegressionTest" finished-at="2022-11-05T23:23:27 IST" duration-ms="93947">
    <groups>
    </groups>
    <test started-at="2022-11-05T23:21:53 IST" name="ChromeTest123" finished-at="2022-11-05T23:22:19 IST" duration-ms="25936">
      <class name="testpack.TestClassHelpcenterButton">
        <test-method is-config="true" signature="LunchBrowser(java.lang.String)[pri:0, instance:testpack.TestClassHelpcenterButton@21de60b4]" started-at="2022-11-05T23:21:53 IST" name="LunchBrowser" finished-at="2022-11-05T23:21:58 IST" duration-ms="4888" status="PASS">
          <params>
            <param index="0">
              <value>
                <![CDATA[Chrome]]>
              </value>
            </param>
          </params>
          <reporter-output>
          </reporter-output>
        </test-method> <!-- LunchBrowser -->
        <test-method is-config="true" signature="CreateObject1()[pri:0, instance:testpack.TestClassHelpcenterButton@21de60b4]" started-at="2022-11-05T23:22:01 IST" name="CreateObject1" finished-at="2022-11-05T23:22:01 IST" duration-ms="115" status="PASS">
          <reporter-output>
          </reporter-output>
        </test-method> <!-- CreateObject1 -->
        <test-method is-config="true" signature="OpenRoom()[pri:0, instance:testpack.TestClassHelpcenterButton@21de60b4]" started-at="2022-11-05T23:22:01 IST" name="OpenRoom" finished-at="2022-11-05T23:22:07 IST" duration-ms="5930" status="PASS">
          <reporter-output>
          </reporter-output>
        </test-method> <!-- OpenRoom -->
        <test-method signature="VerifyReturnMassenger()[pri:0, instance:testpack.TestClassHelpcenterButton@21de60b4]" started-at="2022-11-05T23:22:07 IST" name="VerifyReturnMassenger" finished-at="2022-11-05T23:22:09 IST" duration-ms="2291" status="PASS">
          <reporter-output>
          </reporter-output>
        </test-method> <!-- VerifyReturnMassenger -->
        <test-method is-config="true" signature="Logout()[pri:0, instance:testpack.TestClassHelpcenterButton@21de60b4]" started-at="2022-11-05T23:22:09 IST" name="Logout" finished-at="2022-11-05T23:22:09 IST" duration-ms="0" status="PASS">
          <reporter-output>
          </reporter-output>
        </test-method> <!-- Logout -->
        <test-method is-config="true" signature="CloseBrowser()[pri:0, instance:testpack.TestClassHelpcenterButton@21de60b4]" started-at="2022-11-05T23:22:09 IST" name="CloseBrowser" finished-at="2022-11-05T23:22:09 IST" duration-ms="521" status="PASS">
          <reporter-output>
          </reporter-output>
        </test-method> <!-- CloseBrowser -->
        <test-method is-config="true" signature="afterTest()[pri:0, instance:testpack.TestClassHelpcenterButton@21de60b4]" started-at="2022-11-05T23:22:19 IST" name="afterTest" finished-at="2022-11-05T23:22:19 IST" duration-ms="48" status="FAIL">
          <exception class="org.openqa.selenium.NoSuchSessionException">
            <message>
              <![CDATA[invalid session id
Build info: version: '3.141.59', revision: 'e82be7d358', time: '2018-11-14T08:17:03'
System info: host: 'DESKTOP-UE4SG0D', ip: '192.168.1.13', os.name: 'Windows 10', os.arch: 'amd64', os.version: '10.0', java.version: '18.0.1.1'
Driver info: org.openqa.selenium.chrome.ChromeDriver
Capabilities {acceptInsecureCerts: false, browserName: chrome, browserVersion: 107.0.5304.88, chrome: {chromedriverVersion: 107.0.5304.62 (1eec40d3a576..., userDataDir: C:\Users\Bhavesh\AppData\Lo...}, goog:chromeOptions: {debuggerAddress: localhost:51128}, javascriptEnabled: true, networkConnectionEnabled: false, pageLoadStrategy: normal, platform: WINDOWS, platformName: WINDOWS, proxy: Proxy(), setWindowRect: true, strictFileInteractability: false, timeouts: {implicit: 0, pageLoad: 300000, script: 30000}, unhandledPromptBehavior: dismiss and notify, webauthn:extension:credBlob: true, webauthn:extension:largeBlob: true, webauthn:virtualAuthenticators: true}
Session ID: 9d0a330d565352a8c5778363385d6874]]>
            </message>
            <full-stacktrace>
              <![CDATA[org.openqa.selenium.NoSuchSessionException: invalid session id
Build info: version: '3.141.59', revision: 'e82be7d358', time: '2018-11-14T08:17:03'
System info: host: 'DESKTOP-UE4SG0D', ip: '192.168.1.13', os.name: 'Windows 10', os.arch: 'amd64', os.version: '10.0', java.version: '18.0.1.1'
Driver info: org.openqa.selenium.chrome.ChromeDriver
Capabilities {acceptInsecureCerts: false, browserName: chrome, browserVersion: 107.0.5304.88, chrome: {chromedriverVersion: 107.0.5304.62 (1eec40d3a576..., userDataDir: C:\Users\Bhavesh\AppData\Lo...}, goog:chromeOptions: {debuggerAddress: localhost:51128}, javascriptEnabled: true, networkConnectionEnabled: false, pageLoadStrategy: normal, platform: WINDOWS, platformName: WINDOWS, proxy: Proxy(), setWindowRect: true, strictFileInteractability: false, timeouts: {implicit: 0, pageLoad: 300000, script: 30000}, unhandledPromptBehavior: dismiss and notify, webauthn:extension:credBlob: true, webauthn:extension:largeBlob: true, webauthn:virtualAuthenticators: true}
Session ID: 9d0a330d565352a8c5778363385d6874
at java.base/jdk.internal.reflect.DirectConstructorHandleAccessor.newInstance(DirectConstructorHandleAccessor.java:67)
at java.base/java.lang.reflect.Constructor.newInstanceWithCaller(Constructor.java:499)
at java.base/java.lang.reflect.Constructor.newInstance(Constructor.java:483)
at org.openqa.selenium.remote.http.W3CHttpResponseCodec.createException(W3CHttpResponseCodec.java:187)
at org.openqa.selenium.remote.http.W3CHttpResponseCodec.decode(W3CHttpResponseCodec.java:122)
at org.openqa.selenium.remote.http.W3CHttpResponseCodec.decode(W3CHttpResponseCodec.java:49)
at org.openqa.selenium.remote.HttpCommandExecutor.execute(HttpCommandExecutor.java:158)
at org.openqa.selenium.remote.service.DriverCommandExecutor.execute(DriverCommandExecutor.java:83)
at org.openqa.selenium.remote.RemoteWebDriver.execute(RemoteWebDriver.java:552)
at org.openqa.selenium.remote.RemoteWebDriver.execute(RemoteWebDriver.java:609)
at org.openqa.selenium.remote.RemoteWebDriver.close(RemoteWebDriver.java:442)
at testpack.TestClassHelpcenterButton.afterTest(TestClassHelpcenterButton.java:125)
at java.base/jdk.internal.reflect.DirectMethodHandleAccessor.invoke(DirectMethodHandleAccessor.java:104)
at java.base/java.lang.reflect.Method.invoke(Method.java:577)
at org.testng.internal.MethodInvocationHelper.invokeMethod(MethodInvocationHelper.java:133)
at org.testng.internal.MethodInvocationHelper.invokeMethodConsideringTimeout(MethodInvocationHelper.java:62)
at org.testng.internal.ConfigInvoker.invokeConfigurationMethod(ConfigInvoker.java:385)
at org.testng.internal.ConfigInvoker.invokeConfigurations(ConfigInvoker.java:321)
at org.testng.TestRunner.invokeTestConfigurations(TestRunner.java:637)
at org.testng.TestRunner.afterRun(TestRunner.java:877)
at org.testng.TestRunner.run(TestRunner.java:599)
at org.testng.SuiteRunner.runTest(SuiteRunner.java:377)
at org.testng.SuiteRunner.runSequentially(SuiteRunner.java:371)
at org.testng.SuiteRunner.privateRun(SuiteRunner.java:332)
at org.testng.SuiteRunner.run(SuiteRunner.java:276)
at org.testng.SuiteRunnerWorker.runSuite(SuiteRunnerWorker.java:53)
at org.testng.SuiteRunnerWorker.run(SuiteRunnerWorker.java:96)
at org.testng.TestNG.runSuitesSequentially(TestNG.java:1212)
at org.testng.TestNG.runSuitesLocally(TestNG.java:1134)
at org.testng.TestNG.runSuites(TestNG.java:1063)
at org.testng.TestNG.run(TestNG.java:1031)
at org.testng.remote.AbstractRemoteTestNG.run(AbstractRemoteTestNG.java:115)
at org.testng.remote.RemoteTestNG.initAndRun(RemoteTestNG.java:251)
at org.testng.remote.RemoteTestNG.main(RemoteTestNG.java:77)
]]>
            </full-stacktrace>
          </exception> <!-- org.openqa.selenium.NoSuchSessionException -->
          <reporter-output>
          </reporter-output>
        </test-method> <!-- afterTest -->
      </class> <!-- testpack.TestClassHelpcenterButton -->
      <class name="testpack.testclassReturntomessenge">
        <test-method is-config="true" signature="LunchBrowser(java.lang.String)[pri:0, instance:testpack.testclassReturntomessenge@5e82df6a]" started-at="2022-11-05T23:21:58 IST" name="LunchBrowser" finished-at="2022-11-05T23:22:01 IST" duration-ms="2270" status="PASS">
          <params>
            <param index="0">
              <value>
                <![CDATA[Chrome]]>
              </value>
            </param>
          </params>
          <reporter-output>
          </reporter-output>
        </test-method> <!-- LunchBrowser -->
        <test-method is-config="true" signature="CreateObject1()[pri:0, instance:testpack.testclassReturntomessenge@5e82df6a]" started-at="2022-11-05T23:22:09 IST" name="CreateObject1" finished-at="2022-11-05T23:22:09 IST" duration-ms="2" status="PASS">
          <reporter-output>
          </reporter-output>
        </test-method> <!-- CreateObject1 -->
        <test-method is-config="true" signature="OpenRoom()[pri:0, instance:testpack.testclassReturntomessenge@5e82df6a]" started-at="2022-11-05T23:22:09 IST" name="OpenRoom" finished-at="2022-11-05T23:22:16 IST" duration-ms="6186" status="PASS">
          <reporter-output>
          </reporter-output>
        </test-method> <!-- OpenRoom -->
        <test-method signature="VerifyReturnMassenger()[pri:0, instance:testpack.testclassReturntomessenge@5e82df6a]" started-at="2022-11-05T23:22:16 IST" name="VerifyReturnMassenger" finished-at="2022-11-05T23:22:19 IST" duration-ms="3123" status="PASS">
          <reporter-output>
          </reporter-output>
        </test-method> <!-- VerifyReturnMassenger -->
        <test-method is-config="true" signature="Logout()[pri:0, instance:testpack.testclassReturntomessenge@5e82df6a]" started-at="2022-11-05T23:22:19 IST" name="Logout" finished-at="2022-11-05T23:22:19 IST" duration-ms="2" status="PASS">
          <reporter-output>
          </reporter-output>
        </test-method> <!-- Logout -->
        <test-method is-config="true" signature="CloseBrowser()[pri:0, instance:testpack.testclassReturntomessenge@5e82df6a]" started-at="2022-11-05T23:22:19 IST" name="CloseBrowser" finished-at="2022-11-05T23:22:19 IST" duration-ms="422" status="PASS">
          <reporter-output>
          </reporter-output>
        </test-method> <!-- CloseBrowser -->
        <test-method is-config="true" signature="afterTest()[pri:0, instance:testpack.testclassReturntomessenge@5e82df6a]" started-at="2022-11-05T23:22:19 IST" name="afterTest" finished-at="1970-01-01T05:30:00 IST" duration-ms="-1667670739757" status="SKIP">
          <reporter-output>
          </reporter-output>
        </test-method> <!-- afterTest -->
      </class> <!-- testpack.testclassReturntomessenge -->
    </test> <!-- ChromeTest123 -->
    <test started-at="2022-11-05T23:22:19 IST" name="FireBoxTest123" finished-at="2022-11-05T23:22:55 IST" duration-ms="35733">
      <class name="testpack.TestClassHelpcenterButton">
        <test-method is-config="true" signature="LunchBrowser(java.lang.String)[pri:0, instance:testpack.TestClassHelpcenterButton@123ef382]" started-at="2022-11-05T23:22:19 IST" name="LunchBrowser" finished-at="2022-11-05T23:22:27 IST" duration-ms="7694" status="PASS">
          <params>
            <param index="0">
              <value>
                <![CDATA[FireBox]]>
              </value>
            </param>
          </params>
          <reporter-output>
          </reporter-output>
        </test-method> <!-- LunchBrowser -->
        <test-method is-config="true" signature="CreateObject1()[pri:0, instance:testpack.TestClassHelpcenterButton@123ef382]" started-at="2022-11-05T23:22:33 IST" name="CreateObject1" finished-at="2022-11-05T23:22:33 IST" duration-ms="4" status="PASS">
          <reporter-output>
          </reporter-output>
        </test-method> <!-- CreateObject1 -->
        <test-method is-config="true" signature="OpenRoom()[pri:0, instance:testpack.TestClassHelpcenterButton@123ef382]" started-at="2022-11-05T23:22:33 IST" name="OpenRoom" finished-at="2022-11-05T23:22:40 IST" duration-ms="6415" status="PASS">
          <reporter-output>
          </reporter-output>
        </test-method> <!-- OpenRoom -->
        <test-method signature="VerifyReturnMassenger()[pri:0, instance:testpack.TestClassHelpcenterButton@123ef382]" started-at="2022-11-05T23:22:40 IST" name="VerifyReturnMassenger" finished-at="2022-11-05T23:22:43 IST" duration-ms="2926" status="PASS">
          <reporter-output>
          </reporter-output>
        </test-method> <!-- VerifyReturnMassenger -->
        <test-method is-config="true" signature="CloseBrowser()[pri:0, instance:testpack.TestClassHelpcenterButton@123ef382]" started-at="2022-11-05T23:22:43 IST" name="CloseBrowser" finished-at="2022-11-05T23:22:45 IST" duration-ms="2851" status="PASS">
          <reporter-output>
          </reporter-output>
        </test-method> <!-- CloseBrowser -->
        <test-method is-config="true" signature="Logout()[pri:0, instance:testpack.TestClassHelpcenterButton@123ef382]" started-at="2022-11-05T23:22:43 IST" name="Logout" finished-at="2022-11-05T23:22:43 IST" duration-ms="0" status="PASS">
          <reporter-output>
          </reporter-output>
        </test-method> <!-- Logout -->
        <test-method is-config="true" signature="afterTest()[pri:0, instance:testpack.TestClassHelpcenterButton@123ef382]" started-at="2022-11-05T23:22:55 IST" name="afterTest" finished-at="2022-11-05T23:22:55 IST" duration-ms="5" status="FAIL">
          <exception class="org.openqa.selenium.NoSuchSessionException">
            <message>
              <![CDATA[Tried to run command without establishing a connection
Build info: version: '3.141.59', revision: 'e82be7d358', time: '2018-11-14T08:17:03'
System info: host: 'DESKTOP-UE4SG0D', ip: '192.168.1.13', os.name: 'Windows 10', os.arch: 'amd64', os.version: '10.0', java.version: '18.0.1.1'
Driver info: org.openqa.selenium.firefox.FirefoxDriver
Capabilities {acceptInsecureCerts: true, browserName: firefox, browserVersion: 106.0.5, javascriptEnabled: true, moz:accessibilityChecks: false, moz:buildID: 20221104133228, moz:geckodriverVersion: 0.32.0, moz:headless: false, moz:platformVersion: 10.0, moz:processID: 12840, moz:profile: C:\Users\Bhavesh\AppData\Lo..., moz:shutdownTimeout: 60000, moz:useNonSpecCompliantPointerOrigin: false, moz:webdriverClick: true, moz:windowless: false, pageLoadStrategy: normal, platform: WINDOWS, platformName: WINDOWS, proxy: Proxy(), setWindowRect: true, strictFileInteractability: false, timeouts: {implicit: 0, pageLoad: 300000, script: 30000}, unhandledPromptBehavior: dismiss and notify}
Session ID: b116bd03-a61b-41c3-93d3-9b339ec231f7]]>
            </message>
            <full-stacktrace>
              <![CDATA[org.openqa.selenium.NoSuchSessionException: Tried to run command without establishing a connection
Build info: version: '3.141.59', revision: 'e82be7d358', time: '2018-11-14T08:17:03'
System info: host: 'DESKTOP-UE4SG0D', ip: '192.168.1.13', os.name: 'Windows 10', os.arch: 'amd64', os.version: '10.0', java.version: '18.0.1.1'
Driver info: org.openqa.selenium.firefox.FirefoxDriver
Capabilities {acceptInsecureCerts: true, browserName: firefox, browserVersion: 106.0.5, javascriptEnabled: true, moz:accessibilityChecks: false, moz:buildID: 20221104133228, moz:geckodriverVersion: 0.32.0, moz:headless: false, moz:platformVersion: 10.0, moz:processID: 12840, moz:profile: C:\Users\Bhavesh\AppData\Lo..., moz:shutdownTimeout: 60000, moz:useNonSpecCompliantPointerOrigin: false, moz:webdriverClick: true, moz:windowless: false, pageLoadStrategy: normal, platform: WINDOWS, platformName: WINDOWS, proxy: Proxy(), setWindowRect: true, strictFileInteractability: false, timeouts: {implicit: 0, pageLoad: 300000, script: 30000}, unhandledPromptBehavior: dismiss and notify}
Session ID: b116bd03-a61b-41c3-93d3-9b339ec231f7
at java.base/jdk.internal.reflect.DirectConstructorHandleAccessor.newInstance(DirectConstructorHandleAccessor.java:67)
at java.base/java.lang.reflect.Constructor.newInstanceWithCaller(Constructor.java:499)
at java.base/java.lang.reflect.Constructor.newInstance(Constructor.java:483)
at org.openqa.selenium.remote.http.W3CHttpResponseCodec.createException(W3CHttpResponseCodec.java:187)
at org.openqa.selenium.remote.http.W3CHttpResponseCodec.decode(W3CHttpResponseCodec.java:122)
at org.openqa.selenium.remote.http.W3CHttpResponseCodec.decode(W3CHttpResponseCodec.java:49)
at org.openqa.selenium.remote.HttpCommandExecutor.execute(HttpCommandExecutor.java:158)
at org.openqa.selenium.remote.service.DriverCommandExecutor.execute(DriverCommandExecutor.java:83)
at org.openqa.selenium.remote.RemoteWebDriver.execute(RemoteWebDriver.java:552)
at org.openqa.selenium.remote.RemoteWebDriver.execute(RemoteWebDriver.java:609)
at org.openqa.selenium.remote.RemoteWebDriver.close(RemoteWebDriver.java:442)
at testpack.TestClassHelpcenterButton.afterTest(TestClassHelpcenterButton.java:125)
at java.base/jdk.internal.reflect.DirectMethodHandleAccessor.invoke(DirectMethodHandleAccessor.java:104)
at java.base/java.lang.reflect.Method.invoke(Method.java:577)
at org.testng.internal.MethodInvocationHelper.invokeMethod(MethodInvocationHelper.java:133)
at org.testng.internal.MethodInvocationHelper.invokeMethodConsideringTimeout(MethodInvocationHelper.java:62)
at org.testng.internal.ConfigInvoker.invokeConfigurationMethod(ConfigInvoker.java:385)
at org.testng.internal.ConfigInvoker.invokeConfigurations(ConfigInvoker.java:321)
at org.testng.TestRunner.invokeTestConfigurations(TestRunner.java:637)
at org.testng.TestRunner.afterRun(TestRunner.java:877)
at org.testng.TestRunner.run(TestRunner.java:599)
at org.testng.SuiteRunner.runTest(SuiteRunner.java:377)
at org.testng.SuiteRunner.runSequentially(SuiteRunner.java:371)
at org.testng.SuiteRunner.privateRun(SuiteRunner.java:332)
at org.testng.SuiteRunner.run(SuiteRunner.java:276)
at org.testng.SuiteRunnerWorker.runSuite(SuiteRunnerWorker.java:53)
at org.testng.SuiteRunnerWorker.run(SuiteRunnerWorker.java:96)
at org.testng.TestNG.runSuitesSequentially(TestNG.java:1212)
at org.testng.TestNG.runSuitesLocally(TestNG.java:1134)
at org.testng.TestNG.runSuites(TestNG.java:1063)
at org.testng.TestNG.run(TestNG.java:1031)
at org.testng.remote.AbstractRemoteTestNG.run(AbstractRemoteTestNG.java:115)
at org.testng.remote.RemoteTestNG.initAndRun(RemoteTestNG.java:251)
at org.testng.remote.RemoteTestNG.main(RemoteTestNG.java:77)
]]>
            </full-stacktrace>
          </exception> <!-- org.openqa.selenium.NoSuchSessionException -->
          <reporter-output>
          </reporter-output>
        </test-method> <!-- afterTest -->
      </class> <!-- testpack.TestClassHelpcenterButton -->
      <class name="testpack.testclassReturntomessenge">
        <test-method is-config="true" signature="LunchBrowser(java.lang.String)[pri:0, instance:testpack.testclassReturntomessenge@dbf57b3]" started-at="2022-11-05T23:22:27 IST" name="LunchBrowser" finished-at="2022-11-05T23:22:33 IST" duration-ms="6185" status="PASS">
          <params>
            <param index="0">
              <value>
                <![CDATA[FireBox]]>
              </value>
            </param>
          </params>
          <reporter-output>
          </reporter-output>
        </test-method> <!-- LunchBrowser -->
        <test-method is-config="true" signature="CreateObject1()[pri:0, instance:testpack.testclassReturntomessenge@dbf57b3]" started-at="2022-11-05T23:22:45 IST" name="CreateObject1" finished-at="2022-11-05T23:22:45 IST" duration-ms="2" status="PASS">
          <reporter-output>
          </reporter-output>
        </test-method> <!-- CreateObject1 -->
        <test-method is-config="true" signature="OpenRoom()[pri:0, instance:testpack.testclassReturntomessenge@dbf57b3]" started-at="2022-11-05T23:22:45 IST" name="OpenRoom" finished-at="2022-11-05T23:22:52 IST" duration-ms="6124" status="PASS">
          <reporter-output>
          </reporter-output>
        </test-method> <!-- OpenRoom -->
        <test-method signature="VerifyReturnMassenger()[pri:0, instance:testpack.testclassReturntomessenge@dbf57b3]" started-at="2022-11-05T23:22:52 IST" name="VerifyReturnMassenger" finished-at="2022-11-05T23:22:53 IST" duration-ms="1248" status="PASS">
          <reporter-output>
          </reporter-output>
        </test-method> <!-- VerifyReturnMassenger -->
        <test-method is-config="true" signature="Logout()[pri:0, instance:testpack.testclassReturntomessenge@dbf57b3]" started-at="2022-11-05T23:22:53 IST" name="Logout" finished-at="2022-11-05T23:22:53 IST" duration-ms="1" status="PASS">
          <reporter-output>
          </reporter-output>
        </test-method> <!-- Logout -->
        <test-method is-config="true" signature="CloseBrowser()[pri:0, instance:testpack.testclassReturntomessenge@dbf57b3]" started-at="2022-11-05T23:22:53 IST" name="CloseBrowser" finished-at="2022-11-05T23:22:55 IST" duration-ms="2250" status="PASS">
          <reporter-output>
          </reporter-output>
        </test-method> <!-- CloseBrowser -->
        <test-method is-config="true" signature="afterTest()[pri:0, instance:testpack.testclassReturntomessenge@dbf57b3]" started-at="2022-11-05T23:22:55 IST" name="afterTest" finished-at="1970-01-01T05:30:00 IST" duration-ms="-1667670775635" status="SKIP">
          <reporter-output>
          </reporter-output>
        </test-method> <!-- afterTest -->
      </class> <!-- testpack.testclassReturntomessenge -->
    </test> <!-- FireBoxTest123 -->
    <test started-at="2022-11-05T23:22:55 IST" name="OpreaBrwoser" finished-at="2022-11-05T23:23:27 IST" duration-ms="32106">
      <class name="testpack.TestClassHelpcenterButton">
        <test-method is-config="true" signature="LunchBrowser(java.lang.String)[pri:0, instance:testpack.TestClassHelpcenterButton@1d9b7cce]" started-at="2022-11-05T23:22:55 IST" name="LunchBrowser" finished-at="2022-11-05T23:22:59 IST" duration-ms="4135" status="PASS">
          <params>
            <param index="0">
              <value>
                <![CDATA[Opera]]>
              </value>
            </param>
          </params>
          <reporter-output>
          </reporter-output>
        </test-method> <!-- LunchBrowser -->
        <test-method is-config="true" signature="CreateObject1()[pri:0, instance:testpack.TestClassHelpcenterButton@1d9b7cce]" started-at="2022-11-05T23:23:05 IST" name="CreateObject1" finished-at="2022-11-05T23:23:05 IST" duration-ms="2" status="PASS">
          <reporter-output>
          </reporter-output>
        </test-method> <!-- CreateObject1 -->
        <test-method is-config="true" signature="OpenRoom()[pri:0, instance:testpack.TestClassHelpcenterButton@1d9b7cce]" started-at="2022-11-05T23:23:05 IST" name="OpenRoom" finished-at="2022-11-05T23:23:11 IST" duration-ms="6071" status="PASS">
          <reporter-output>
          </reporter-output>
        </test-method> <!-- OpenRoom -->
        <test-method signature="VerifyReturnMassenger()[pri:0, instance:testpack.TestClassHelpcenterButton@1d9b7cce]" started-at="2022-11-05T23:23:11 IST" name="VerifyReturnMassenger" finished-at="2022-11-05T23:23:14 IST" duration-ms="3505" status="PASS">
          <reporter-output>
          </reporter-output>
        </test-method> <!-- VerifyReturnMassenger -->
        <test-method is-config="true" signature="Logout()[pri:0, instance:testpack.TestClassHelpcenterButton@1d9b7cce]" started-at="2022-11-05T23:23:14 IST" name="Logout" finished-at="2022-11-05T23:23:14 IST" duration-ms="1" status="PASS">
          <reporter-output>
          </reporter-output>
        </test-method> <!-- Logout -->
        <test-method is-config="true" signature="CloseBrowser()[pri:0, instance:testpack.TestClassHelpcenterButton@1d9b7cce]" started-at="2022-11-05T23:23:14 IST" name="CloseBrowser" finished-at="2022-11-05T23:23:17 IST" duration-ms="2676" status="PASS">
          <reporter-output>
          </reporter-output>
        </test-method> <!-- CloseBrowser -->
        <test-method is-config="true" signature="afterTest()[pri:0, instance:testpack.TestClassHelpcenterButton@1d9b7cce]" started-at="2022-11-05T23:23:27 IST" name="afterTest" finished-at="2022-11-05T23:23:27 IST" duration-ms="23" status="FAIL">
          <exception class="org.openqa.selenium.NoSuchWindowException">
            <message>
              <![CDATA[no such window: target window already closed
from unknown error: web view not found
  (Session info: chrome=106.0.5249.168)
  (Driver info: operadriver=106.0.5249.119 (9f2101830b56fd2ea1408287f6c74e253ebcb7c6-refs/branch-heads/5249@{#797}),platform=Windows NT 10.0.19044 x86_64) (WARNING: The server did not provide any stacktrace information)
Command duration or timeout: 0 milliseconds
Build info: version: '3.141.59', revision: 'e82be7d358', time: '2018-11-14T08:17:03'
System info: host: 'DESKTOP-UE4SG0D', ip: '192.168.1.13', os.name: 'Windows 10', os.arch: 'amd64', os.version: '10.0', java.version: '18.0.1.1'
Driver info: org.openqa.selenium.opera.OperaDriver
Capabilities {acceptInsecureCerts: false, acceptSslCerts: false, browserConnectionEnabled: false, browserName: opera, cssSelectorsEnabled: true, databaseEnabled: false, goog:chromeOptions: {debuggerAddress: localhost:51981}, handlesAlerts: true, hasTouchScreen: false, javascriptEnabled: true, locationContextEnabled: true, mobileEmulationEnabled: false, nativeEvents: true, networkConnectionEnabled: false, opera: {operadriverVersion: 106.0.5249.119 (9f2101830b5..., userDataDir: C:\Users\Bhavesh\AppData\Lo...}, pageLoadStrategy: normal, platform: WINDOWS, platformName: WINDOWS, proxy: Proxy(), rotatable: false, setWindowRect: true, strictFileInteractability: false, takesHeapSnapshot: true, takesScreenshot: true, timeouts: {implicit: 0, pageLoad: 300000, script: 30000}, unexpectedAlertBehaviour: ignore, unhandledPromptBehavior: ignore, version: 106.0.5249.168, webStorageEnabled: true, webauthn:extension:credBlob: true, webauthn:extension:largeBlob: true, webauthn:virtualAuthenticators: true}
Session ID: d3975e12b1bb52909b28a524b21673e0]]>
            </message>
            <full-stacktrace>
              <![CDATA[org.openqa.selenium.NoSuchWindowException: no such window: target window already closed
from unknown error: web view not found
  (Session info: chrome=106.0.5249.168)
  (Driver info: operadriver=106.0.5249.119 (9f2101830b56fd2ea1408287f6c74e253ebcb7c6-refs/branch-heads/5249@{#797}),platform=Windows NT 10.0.19044 x86_64) (WARNING: The server did not provide any stacktrace information)
Command duration or timeout: 0 milliseconds
Build info: version: '3.141.59', revision: 'e82be7d358', time: '2018-11-14T08:17:03'
System info: host: 'DESKTOP-UE4SG0D', ip: '192.168.1.13', os.name: 'Windows 10', os.arch: 'amd64', os.version: '10.0', java.version: '18.0.1.1'
Driver info: org.openqa.selenium.opera.OperaDriver
Capabilities {acceptInsecureCerts: false, acceptSslCerts: false, browserConnectionEnabled: false, browserName: opera, cssSelectorsEnabled: true, databaseEnabled: false, goog:chromeOptions: {debuggerAddress: localhost:51981}, handlesAlerts: true, hasTouchScreen: false, javascriptEnabled: true, locationContextEnabled: true, mobileEmulationEnabled: false, nativeEvents: true, networkConnectionEnabled: false, opera: {operadriverVersion: 106.0.5249.119 (9f2101830b5..., userDataDir: C:\Users\Bhavesh\AppData\Lo...}, pageLoadStrategy: normal, platform: WINDOWS, platformName: WINDOWS, proxy: Proxy(), rotatable: false, setWindowRect: true, strictFileInteractability: false, takesHeapSnapshot: true, takesScreenshot: true, timeouts: {implicit: 0, pageLoad: 300000, script: 30000}, unexpectedAlertBehaviour: ignore, unhandledPromptBehavior: ignore, version: 106.0.5249.168, webStorageEnabled: true, webauthn:extension:credBlob: true, webauthn:extension:largeBlob: true, webauthn:virtualAuthenticators: true}
Session ID: d3975e12b1bb52909b28a524b21673e0
at java.base/jdk.internal.reflect.DirectConstructorHandleAccessor.newInstance(DirectConstructorHandleAccessor.java:67)
at java.base/java.lang.reflect.Constructor.newInstanceWithCaller(Constructor.java:499)
at java.base/java.lang.reflect.Constructor.newInstance(Constructor.java:483)
at org.openqa.selenium.remote.ErrorHandler.createThrowable(ErrorHandler.java:214)
at org.openqa.selenium.remote.ErrorHandler.throwIfResponseFailed(ErrorHandler.java:166)
at org.openqa.selenium.remote.http.JsonHttpResponseCodec.reconstructValue(JsonHttpResponseCodec.java:40)
at org.openqa.selenium.remote.http.AbstractHttpResponseCodec.decode(AbstractHttpResponseCodec.java:80)
at org.openqa.selenium.remote.http.AbstractHttpResponseCodec.decode(AbstractHttpResponseCodec.java:44)
at org.openqa.selenium.remote.HttpCommandExecutor.execute(HttpCommandExecutor.java:158)
at org.openqa.selenium.remote.service.DriverCommandExecutor.execute(DriverCommandExecutor.java:83)
at org.openqa.selenium.remote.RemoteWebDriver.execute(RemoteWebDriver.java:552)
at org.openqa.selenium.remote.RemoteWebDriver.execute(RemoteWebDriver.java:609)
at org.openqa.selenium.remote.RemoteWebDriver.close(RemoteWebDriver.java:442)
at testpack.TestClassHelpcenterButton.afterTest(TestClassHelpcenterButton.java:125)
at java.base/jdk.internal.reflect.DirectMethodHandleAccessor.invoke(DirectMethodHandleAccessor.java:104)
at java.base/java.lang.reflect.Method.invoke(Method.java:577)
at org.testng.internal.MethodInvocationHelper.invokeMethod(MethodInvocationHelper.java:133)
at org.testng.internal.MethodInvocationHelper.invokeMethodConsideringTimeout(MethodInvocationHelper.java:62)
at org.testng.internal.ConfigInvoker.invokeConfigurationMethod(ConfigInvoker.java:385)
at org.testng.internal.ConfigInvoker.invokeConfigurations(ConfigInvoker.java:321)
at org.testng.TestRunner.invokeTestConfigurations(TestRunner.java:637)
at org.testng.TestRunner.afterRun(TestRunner.java:877)
at org.testng.TestRunner.run(TestRunner.java:599)
at org.testng.SuiteRunner.runTest(SuiteRunner.java:377)
at org.testng.SuiteRunner.runSequentially(SuiteRunner.java:371)
at org.testng.SuiteRunner.privateRun(SuiteRunner.java:332)
at org.testng.SuiteRunner.run(SuiteRunner.java:276)
at org.testng.SuiteRunnerWorker.runSuite(SuiteRunnerWorker.java:53)
at org.testng.SuiteRunnerWorker.run(SuiteRunnerWorker.java:96)
at org.testng.TestNG.runSuitesSequentially(TestNG.java:1212)
at org.testng.TestNG.runSuitesLocally(TestNG.java:1134)
at org.testng.TestNG.runSuites(TestNG.java:1063)
at org.testng.TestNG.run(TestNG.java:1031)
at org.testng.remote.AbstractRemoteTestNG.run(AbstractRemoteTestNG.java:115)
at org.testng.remote.RemoteTestNG.initAndRun(RemoteTestNG.java:251)
at org.testng.remote.RemoteTestNG.main(RemoteTestNG.java:77)
]]>
            </full-stacktrace>
          </exception> <!-- org.openqa.selenium.NoSuchWindowException -->
          <reporter-output>
          </reporter-output>
        </test-method> <!-- afterTest -->
      </class> <!-- testpack.TestClassHelpcenterButton -->
      <class name="testpack.testclassReturntomessenge">
        <test-method is-config="true" signature="LunchBrowser(java.lang.String)[pri:0, instance:testpack.testclassReturntomessenge@4d9e68d0]" started-at="2022-11-05T23:22:59 IST" name="LunchBrowser" finished-at="2022-11-05T23:23:05 IST" duration-ms="5580" status="PASS">
          <params>
            <param index="0">
              <value>
                <![CDATA[Opera]]>
              </value>
            </param>
          </params>
          <reporter-output>
          </reporter-output>
        </test-method> <!-- LunchBrowser -->
        <test-method is-config="true" signature="CreateObject1()[pri:0, instance:testpack.testclassReturntomessenge@4d9e68d0]" started-at="2022-11-05T23:23:17 IST" name="CreateObject1" finished-at="2022-11-05T23:23:17 IST" duration-ms="3" status="PASS">
          <reporter-output>
          </reporter-output>
        </test-method> <!-- CreateObject1 -->
        <test-method is-config="true" signature="OpenRoom()[pri:0, instance:testpack.testclassReturntomessenge@4d9e68d0]" started-at="2022-11-05T23:23:17 IST" name="OpenRoom" finished-at="2022-11-05T23:23:24 IST" duration-ms="6405" status="PASS">
          <reporter-output>
          </reporter-output>
        </test-method> <!-- OpenRoom -->
        <test-method signature="VerifyReturnMassenger()[pri:0, instance:testpack.testclassReturntomessenge@4d9e68d0]" started-at="2022-11-05T23:23:24 IST" name="VerifyReturnMassenger" finished-at="2022-11-05T23:23:26 IST" duration-ms="2520" status="PASS">
          <reporter-output>
          </reporter-output>
        </test-method> <!-- VerifyReturnMassenger -->
        <test-method is-config="true" signature="Logout()[pri:0, instance:testpack.testclassReturntomessenge@4d9e68d0]" started-at="2022-11-05T23:23:26 IST" name="Logout" finished-at="2022-11-05T23:23:26 IST" duration-ms="2" status="PASS">
          <reporter-output>
          </reporter-output>
        </test-method> <!-- Logout -->
        <test-method is-config="true" signature="CloseBrowser()[pri:0, instance:testpack.testclassReturntomessenge@4d9e68d0]" started-at="2022-11-05T23:23:26 IST" name="CloseBrowser" finished-at="2022-11-05T23:23:27 IST" duration-ms="1141" status="PASS">
          <reporter-output>
          </reporter-output>
        </test-method> <!-- CloseBrowser -->
        <test-method is-config="true" signature="afterTest()[pri:0, instance:testpack.testclassReturntomessenge@4d9e68d0]" started-at="2022-11-05T23:23:27 IST" name="afterTest" finished-at="1970-01-01T05:30:00 IST" duration-ms="-1667670807768" status="SKIP">
          <reporter-output>
          </reporter-output>
        </test-method> <!-- afterTest -->
      </class> <!-- testpack.testclassReturntomessenge -->
    </test> <!-- OpreaBrwoser -->
  </suite> <!-- RegressionTest -->
</testng-results>
