<?xml version="1.0" encoding="UTF-8"?>
<!-- Generated by org.testng.reporters.JUnitReportReporter -->
<testsuite hostname="DESKTOP-UE4SG0D" failures="0" tests="3" name="testpack.VerifyRetunTOMassengerandHelpCenter" time="-1667577984.000" errors="1" timestamp="2022-11-04T21:35:29 IST" skipped="2">
  <testcase classname="testpack.VerifyRetunTOMassengerandHelpCenter" name="LunchBrowser" time="-1667577984.000">
    <error message="
Parameter &#039;browser&#039; is required by BeforeTest on method LunchBrowser but has not been marked @Optional or defined
in C:\Users\Bhavesh\AppData\Local\Temp\testng-eclipse--2083882581\testng-customsuite.xml" type="org.testng.TestNGException">
      <![CDATA[org.testng.TestNGException: 
Parameter 'browser' is required by BeforeTest on method LunchBrowser but has not been marked @Optional or defined
in C:\Users\Bhavesh\AppData\Local\Temp\testng-eclipse--2083882581\testng-customsuite.xml
at org.testng.internal.Parameters.createParams(Parameters.java:270)
at org.testng.internal.Parameters.createParametersForMethod(Parameters.java:358)
at org.testng.internal.Parameters.createParameters(Parameters.java:700)
at org.testng.internal.Parameters.createConfigurationParameters(Parameters.java:168)
at org.testng.internal.ConfigInvoker.invokeConfigurations(ConfigInvoker.java:302)
at org.testng.TestRunner.invokeTestConfigurations(TestRunner.java:637)
at org.testng.TestRunner.beforeRun(TestRunner.java:627)
at org.testng.TestRunner.run(TestRunner.java:589)
at org.testng.SuiteRunner.runTest(SuiteRunner.java:377)
at org.testng.SuiteRunner.runSequentially(SuiteRunner.java:371)
at org.testng.SuiteRunner.privateRun(SuiteRunner.java:332)
at org.testng.SuiteRunner.run(SuiteRunner.java:276)
at org.testng.SuiteRunnerWorker.runSuite(SuiteRunnerWorker.java:53)
at org.testng.SuiteRunnerWorker.run(SuiteRunnerWorker.java:96)
at org.testng.TestNG.runSuitesSequentially(TestNG.java:1212)
at org.testng.TestNG.runSuitesLocally(TestNG.java:1134)
at org.testng.TestNG.runSuites(TestNG.java:1063)
at org.testng.TestNG.run(TestNG.java:1031)
at org.testng.remote.AbstractRemoteTestNG.run(AbstractRemoteTestNG.java:115)
at org.testng.remote.RemoteTestNG.initAndRun(RemoteTestNG.java:251)
at org.testng.remote.RemoteTestNG.main(RemoteTestNG.java:77)
]]>
    </error>
  </testcase> <!-- LunchBrowser -->
  <system-out/>
  <testcase classname="testpack.VerifyRetunTOMassengerandHelpCenter" name="VerifyHelpCenterButton" time="0.000">
    <skipped/>
  </testcase> <!-- VerifyHelpCenterButton -->
  <system-out/>
  <testcase classname="testpack.VerifyRetunTOMassengerandHelpCenter" name="VerifyReturnToMessengerButton" time="0.000">
    <skipped/>
  </testcase> <!-- VerifyReturnToMessengerButton -->
  <system-out/>
</testsuite> <!-- testpack.VerifyRetunTOMassengerandHelpCenter -->
