<?xml version="1.0" encoding="UTF-8"?>
<!-- Generated by org.testng.reporters.JUnitXMLReporter -->
<testsuite ignored="0" hostname="DESKTOP-UE4SG0D" failures="0" tests="2" name="ChromeTest" time="2.638" errors="0" timestamp="2022-11-04T00:48:34 IST">
  <testcase classname="testpack.VerifyRetunTOMassengerandHelpCenter" name="@BeforeTest LunchBrowser" time="2.493">
    <failure type="org.openqa.selenium.SessionNotCreatedException" message="session not created: This version of ChromeDriver only supports Chrome version 105
Current browser version is 107.0.5304.88 with binary path C:\Program Files\Google\Chrome\Application\chrome.exe
Build info: version: &amp;apos;3.141.59&amp;apos;, revision: &amp;apos;e82be7d358&amp;apos;, time: &amp;apos;2018-11-14T08:17:03&amp;apos;
System info: host: &amp;apos;DESKTOP-UE4SG0D&amp;apos;, ip: &amp;apos;192.168.1.13&amp;apos;, os.name: &amp;apos;Windows 10&amp;apos;, os.arch: &amp;apos;amd64&amp;apos;, os.version: &amp;apos;10.0&amp;apos;, java.version: &amp;apos;18.0.1.1&amp;apos;
Driver info: driver.version: ChromeDriver
remote stacktrace: Backtrace:
	Ordinal0 [0x00DBDF13+2219795]
	Ordinal0 [0x00D52841+1779777]
	Ordinal0 [0x00C6423D+803389]
	Ordinal0 [0x00C864AC+943276]
	Ordinal0 [0x00C819F0+924144]
	Ordinal0 [0x00C7F179+913785]
	Ordinal0 [0x00CB36B9+1128121]
	Ordinal0 [0x00CB331A+1127194]
	Ordinal0 [0x00CAE616+1107478]
	Ordinal0 [0x00C87F89+950153]
	Ordinal0 [0x00C88F56+954198]
	GetHandleVerifier [0x010B2CB2+3040210]
	GetHandleVerifier [0x010A2BB4+2974420]
	GetHandleVerifier [0x00E56A0A+565546]
	GetHandleVerifier [0x00E55680+560544]
	Ordinal0 [0x00D59A5C+1808988]
	Ordinal0 [0x00D5E3A8+1827752]
	Ordinal0 [0x00D5E495+1827989]
	Ordinal0 [0x00D680A4+1867940]
	BaseThreadInitThunk [0x7654FA29+25]
	RtlGetAppContainerNamedObjectPath [0x77247BBE+286]
	RtlGetAppContainerNamedObjectPath [0x77247B8E+238]
">
      <![CDATA[org.openqa.selenium.SessionNotCreatedException: session not created: This version of ChromeDriver only supports Chrome version 105
Current browser version is 107.0.5304.88 with binary path C:\Program Files\Google\Chrome\Application\chrome.exe
Build info: version: '3.141.59', revision: 'e82be7d358', time: '2018-11-14T08:17:03'
System info: host: 'DESKTOP-UE4SG0D', ip: '192.168.1.13', os.name: 'Windows 10', os.arch: 'amd64', os.version: '10.0', java.version: '18.0.1.1'
Driver info: driver.version: ChromeDriver
remote stacktrace: Backtrace:
Ordinal0 [0x00DBDF13+2219795]
Ordinal0 [0x00D52841+1779777]
Ordinal0 [0x00C6423D+803389]
Ordinal0 [0x00C864AC+943276]
Ordinal0 [0x00C819F0+924144]
Ordinal0 [0x00C7F179+913785]
Ordinal0 [0x00CB36B9+1128121]
Ordinal0 [0x00CB331A+1127194]
Ordinal0 [0x00CAE616+1107478]
Ordinal0 [0x00C87F89+950153]
Ordinal0 [0x00C88F56+954198]
GetHandleVerifier [0x010B2CB2+3040210]
GetHandleVerifier [0x010A2BB4+2974420]
GetHandleVerifier [0x00E56A0A+565546]
GetHandleVerifier [0x00E55680+560544]
Ordinal0 [0x00D59A5C+1808988]
Ordinal0 [0x00D5E3A8+1827752]
Ordinal0 [0x00D5E495+1827989]
Ordinal0 [0x00D680A4+1867940]
BaseThreadInitThunk [0x7654FA29+25]
RtlGetAppContainerNamedObjectPath [0x77247BBE+286]
RtlGetAppContainerNamedObjectPath [0x77247B8E+238]

at org.openqa.selenium.remote.W3CHandshakeResponse.lambda$errorHandler$0(W3CHandshakeResponse.java:62)
at org.openqa.selenium.remote.HandshakeResponse.lambda$getResponseFunction$0(HandshakeResponse.java:30)
at org.openqa.selenium.remote.ProtocolHandshake.lambda$createSession$0(ProtocolHandshake.java:126)
at java.base/java.util.stream.ReferencePipeline$3$1.accept(ReferencePipeline.java:197)
at java.base/java.util.Spliterators$ArraySpliterator.tryAdvance(Spliterators.java:1002)
at java.base/java.util.stream.ReferencePipeline.forEachWithCancel(ReferencePipeline.java:129)
at java.base/java.util.stream.AbstractPipeline.copyIntoWithCancel(AbstractPipeline.java:527)
at java.base/java.util.stream.AbstractPipeline.copyInto(AbstractPipeline.java:513)
at java.base/java.util.stream.AbstractPipeline.wrapAndCopyInto(AbstractPipeline.java:499)
at java.base/java.util.stream.FindOps$FindOp.evaluateSequential(FindOps.java:150)
at java.base/java.util.stream.AbstractPipeline.evaluate(AbstractPipeline.java:234)
at java.base/java.util.stream.ReferencePipeline.findFirst(ReferencePipeline.java:647)
at org.openqa.selenium.remote.ProtocolHandshake.createSession(ProtocolHandshake.java:128)
at org.openqa.selenium.remote.ProtocolHandshake.createSession(ProtocolHandshake.java:74)
at org.openqa.selenium.remote.HttpCommandExecutor.execute(HttpCommandExecutor.java:136)
at org.openqa.selenium.remote.service.DriverCommandExecutor.execute(DriverCommandExecutor.java:83)
at org.openqa.selenium.remote.RemoteWebDriver.execute(RemoteWebDriver.java:552)
at org.openqa.selenium.remote.RemoteWebDriver.startSession(RemoteWebDriver.java:213)
at org.openqa.selenium.remote.RemoteWebDriver.<init>(RemoteWebDriver.java:131)
at org.openqa.selenium.chrome.ChromeDriver.<init>(ChromeDriver.java:181)
at org.openqa.selenium.chrome.ChromeDriver.<init>(ChromeDriver.java:168)
at org.openqa.selenium.chrome.ChromeDriver.<init>(ChromeDriver.java:123)
at Setup.Base.OpenChromeBrowser(Base.java:14)
at testpack.VerifyRetunTOMassengerandHelpCenter.LunchBrowser(VerifyRetunTOMassengerandHelpCenter.java:34)
... Removed 25 stack frames]]>
    </failure>
  </testcase> <!-- @BeforeTest LunchBrowser -->
  <testcase classname="testpack.VerifyRetunTOMassengerandHelpCenter" name="@BeforeClass CreatePOMobject" time="-1.66750311445E9">
    <skipped/>
  </testcase> <!-- @BeforeClass CreatePOMobject -->
  <testcase classname="testpack.VerifyRetunTOMassengerandHelpCenter" name="@BeforeMethod OpenRoomPage" time="-1.667503114472E9">
    <skipped/>
  </testcase> <!-- @BeforeMethod OpenRoomPage -->
  <testcase classname="testpack.VerifyRetunTOMassengerandHelpCenter" name="@AfterMethod Logout" time="-1.667503114489E9">
    <skipped/>
  </testcase> <!-- @AfterMethod Logout -->
  <testcase classname="testpack.VerifyRetunTOMassengerandHelpCenter" name="@BeforeMethod OpenRoomPage" time="-1.6675031145E9">
    <skipped/>
  </testcase> <!-- @BeforeMethod OpenRoomPage -->
  <testcase classname="testpack.VerifyRetunTOMassengerandHelpCenter" name="@AfterMethod Logout" time="-1.667503114512E9">
    <skipped/>
  </testcase> <!-- @AfterMethod Logout -->
  <testcase classname="testpack.VerifyRetunTOMassengerandHelpCenter" name="@AfterClass ClearObject" time="-1.667503114516E9">
    <skipped/>
  </testcase> <!-- @AfterClass ClearObject -->
  <testcase classname="testpack.VerifyRetunTOMassengerandHelpCenter" name="@AfterTest CloseBrowser" time="-1.667503114521E9">
    <skipped/>
  </testcase> <!-- @AfterTest CloseBrowser -->
  <testcase classname="testpack.VerifyRetunTOMassengerandHelpCenter" name="VerifyHelpCenterButton" time="0.0">
    <skipped/>
  </testcase> <!-- VerifyHelpCenterButton -->
  <testcase classname="testpack.VerifyRetunTOMassengerandHelpCenter" name="VerifyReturnToMessengerButton" time="0.0">
    <skipped/>
  </testcase> <!-- VerifyReturnToMessengerButton -->
</testsuite> <!-- ChromeTest -->
