<?xml version="1.0" encoding="UTF-8"?>
<!-- Generated by org.testng.reporters.JUnitXMLReporter -->
<testsuite ignored="0" hostname="DESKTOP-UE4SG0D" failures="0" tests="2" name="EdgeBrowserTest" time="0.069" errors="0" timestamp="2022-11-04T00:29:55 IST">
  <testcase classname="testpack.VerifyRetunTOMassengerandHelpCenter" name="@BeforeTest LunchBrowser" time="0.009">
    <failure type="java.lang.IllegalStateException" message="The path to the driver executable must be set by the webdriver.edge.driver system property; for more information, see https://github.com/SeleniumHQ/selenium/wiki/MicrosoftWebDriver. The latest version can be downloaded from http://go.microsoft.com/fwlink/?LinkId=619687">
      <![CDATA[java.lang.IllegalStateException: The path to the driver executable must be set by the webdriver.edge.driver system property; for more information, see https://github.com/SeleniumHQ/selenium/wiki/MicrosoftWebDriver. The latest version can be downloaded from http://go.microsoft.com/fwlink/?LinkId=619687
at com.google.common.base.Preconditions.checkState(Preconditions.java:847)
at org.openqa.selenium.remote.service.DriverService.findExecutable(DriverService.java:134)
at org.openqa.selenium.edge.EdgeDriverService.access$000(EdgeDriverService.java:37)
at org.openqa.selenium.edge.EdgeDriverService$Builder.findDefaultExecutable(EdgeDriverService.java:90)
at org.openqa.selenium.remote.service.DriverService$Builder.build(DriverService.java:355)
at org.openqa.selenium.edge.EdgeDriverService.createDefaultService(EdgeDriverService.java:70)
at org.openqa.selenium.edge.EdgeDriver.<init>(EdgeDriver.java:96)
at Setup.Base.OpenEdgeBrowser(Base.java:19)
at testpack.VerifyRetunTOMassengerandHelpCenter.LunchBrowser(VerifyRetunTOMassengerandHelpCenter.java:38)
... Removed 22 stack frames]]>
    </failure>
  </testcase> <!-- @BeforeTest LunchBrowser -->
  <testcase classname="testpack.VerifyRetunTOMassengerandHelpCenter" name="@BeforeClass CreatePOMobject" time="-1.667501995238E9">
    <skipped/>
  </testcase> <!-- @BeforeClass CreatePOMobject -->
  <testcase classname="testpack.VerifyRetunTOMassengerandHelpCenter" name="@BeforeMethod OpenRoomPage" time="-1.667501995244E9">
    <skipped/>
  </testcase> <!-- @BeforeMethod OpenRoomPage -->
  <testcase classname="testpack.VerifyRetunTOMassengerandHelpCenter" name="@AfterMethod Logout" time="-1.667501995254E9">
    <skipped/>
  </testcase> <!-- @AfterMethod Logout -->
  <testcase classname="testpack.VerifyRetunTOMassengerandHelpCenter" name="@BeforeMethod OpenRoomPage" time="-1.667501995261E9">
    <skipped/>
  </testcase> <!-- @BeforeMethod OpenRoomPage -->
  <testcase classname="testpack.VerifyRetunTOMassengerandHelpCenter" name="@AfterMethod Logout" time="-1.667501995275E9">
    <skipped/>
  </testcase> <!-- @AfterMethod Logout -->
  <testcase classname="testpack.VerifyRetunTOMassengerandHelpCenter" name="@AfterClass ClearObject" time="-1.667501995279E9">
    <skipped/>
  </testcase> <!-- @AfterClass ClearObject -->
  <testcase classname="testpack.VerifyRetunTOMassengerandHelpCenter" name="@AfterTest CloseBrowser" time="-1.667501995285E9">
    <skipped/>
  </testcase> <!-- @AfterTest CloseBrowser -->
  <testcase classname="testpack.VerifyRetunTOMassengerandHelpCenter" name="VerifyHelpCenterButton" time="0.0">
    <skipped/>
  </testcase> <!-- VerifyHelpCenterButton -->
  <testcase classname="testpack.VerifyRetunTOMassengerandHelpCenter" name="VerifyReturnToMessengerButton" time="0.0">
    <skipped/>
  </testcase> <!-- VerifyReturnToMessengerButton -->
</testsuite> <!-- EdgeBrowserTest -->
