<?xml version="1.0" encoding="UTF-8"?>
<!-- Generated by org.testng.reporters.JUnitXMLReporter -->
<testsuite ignored="0" hostname="DESKTOP-UE4SG0D" failures="0" tests="1" name="Default test" time="0.141" errors="0" timestamp="2022-11-05T12:15:47 IST">
  <testcase classname="testpack.testclassReturntomessenge" name="@BeforeTest LunchBrowser" time="-1.667630747423E9">
    <failure type="org.testng.TestNGException" message="
Parameter &amp;apos;browser&amp;apos; is required by BeforeTest on method LunchBrowser but has not been marked @Optional or defined
in C:\Users\Bhavesh\AppData\Local\Temp\testng-eclipse--427864472\testng-customsuite.xml">
      <![CDATA[org.testng.TestNGException: 
Parameter 'browser' is required by BeforeTest on method LunchBrowser but has not been marked @Optional or defined
in C:\Users\Bhavesh\AppData\Local\Temp\testng-eclipse--427864472\testng-customsuite.xml
at org.testng.internal.Parameters.createParams(Parameters.java:270)
at org.testng.internal.Parameters.createParametersForMethod(Parameters.java:358)
at org.testng.internal.Parameters.createParameters(Parameters.java:700)
at org.testng.internal.Parameters.createConfigurationParameters(Parameters.java:168)
at org.testng.internal.ConfigInvoker.invokeConfigurations(ConfigInvoker.java:302)
at org.testng.TestRunner.invokeTestConfigurations(TestRunner.java:637)
at org.testng.TestRunner.beforeRun(TestRunner.java:627)
at org.testng.TestRunner.run(TestRunner.java:589)
at org.testng.SuiteRunner.runTest(SuiteRunner.java:377)
at org.testng.SuiteRunner.runSequentially(SuiteRunner.java:371)
at org.testng.SuiteRunner.privateRun(SuiteRunner.java:332)
at org.testng.SuiteRunner.run(SuiteRunner.java:276)
at org.testng.SuiteRunnerWorker.runSuite(SuiteRunnerWorker.java:53)
at org.testng.SuiteRunnerWorker.run(SuiteRunnerWorker.java:96)
at org.testng.TestNG.runSuitesSequentially(TestNG.java:1212)
at org.testng.TestNG.runSuitesLocally(TestNG.java:1134)
at org.testng.TestNG.runSuites(TestNG.java:1063)
at org.testng.TestNG.run(TestNG.java:1031)
at org.testng.remote.AbstractRemoteTestNG.run(AbstractRemoteTestNG.java:115)
at org.testng.remote.RemoteTestNG.initAndRun(RemoteTestNG.java:251)
at org.testng.remote.RemoteTestNG.main(RemoteTestNG.java:77)
]]>
    </failure>
  </testcase> <!-- @BeforeTest LunchBrowser -->
  <testcase classname="testpack.testclassReturntomessenge" name="@BeforeClass CreateObject1" time="-1.667630747488E9">
    <skipped/>
  </testcase> <!-- @BeforeClass CreateObject1 -->
  <testcase classname="testpack.testclassReturntomessenge" name="@BeforeMethod OpenRoom" time="-1.667630747519E9">
    <skipped/>
  </testcase> <!-- @BeforeMethod OpenRoom -->
  <testcase classname="testpack.testclassReturntomessenge" name="@AfterMethod Logout" time="-1.667630747534E9">
    <skipped/>
  </testcase> <!-- @AfterMethod Logout -->
  <testcase classname="testpack.testclassReturntomessenge" name="@AfterClass CloseBrowser" time="-1.667630747541E9">
    <skipped/>
  </testcase> <!-- @AfterClass CloseBrowser -->
  <testcase classname="testpack.testclassReturntomessenge" name="@AfterTest afterTest" time="-1.667630747547E9">
    <skipped/>
  </testcase> <!-- @AfterTest afterTest -->
  <testcase classname="testpack.testclassReturntomessenge" name="VerifyReturnMassenger" time="0.0">
    <skipped/>
  </testcase> <!-- VerifyReturnMassenger -->
</testsuite> <!-- Default test -->
